Exporter version: 2.80.1, Blender version: 2.80 (sub 75)
========= Conversion from Blender to Babylon.js =========
	Scene settings used :
		Inline textures     :  false
		Material Type       :  PBR
		Positions Precision :  4
		Normals Precision   :  3
		UVs Precision       :  3
		Vert Color Precision:  3
		Mat Weight Precision:  2
		Keep Z-up r-handed  :  no
		Texture directory   :  C:\Users\mishm\Desktop\express-server\public\scenes\
	Python World class constructor completed
	processing begun of camera (UniversalCamera):  Camera
	processing begun of mesh:  tile
		processing begun of material:  Material.001
		num positions      :  8726
		num normals        :  8726
		num tangents       :  0
		num uvs            :  17452
		num uvs2           :  0
		num colors         :  0
		num triangles      :  14400
	WARNING: The following object (type - CURVE) is not currently exportable thus ignored: BezierCircle
	processing begun of mesh:  Cylinder
		processing begun of material:  Material
		num positions      :  48
		num normals        :  48
		num tangents       :  0
		num uvs            :  96
		num uvs2           :  0
		num colors         :  0
		num triangles      :  20
	processing begun of light (POINT):  Light
========= Writing of JSON file started =========
	writing mesh:  tile
	writing mesh:  Cylinder
========= Writing of JSON file completed =========
========= end of processing =========
elapsed time:  0 min, 0.7273 secs
